Flow report for HC4511
Thu Dec 24 12:37:52 2020
Quartus Prime Version 19.1.0 Build 670 09/22/2019 SJ Lite Edition


---------------------
; Table of Contents ;
---------------------
  1. Legal Notice
  2. Flow Summary
  3. Flow Settings
  4. Flow Non-Default Global Settings
  5. Flow Elapsed Time
  6. Flow OS Summary
  7. Flow Log
  8. Flow Messages
  9. Flow Suppressed Messages



----------------
; Legal Notice ;
----------------
Copyright (C) 2019  Intel Corporation. All rights reserved.
Your use of Intel Corporation's design tools, logic functions 
and other software and tools, and any partner logic 
functions, and any output files from any of the foregoing 
(including device programming or simulation files), and any 
associated documentation or information are expressly subject 
to the terms and conditions of the Intel Program License 
Subscription Agreement, the Intel Quartus Prime License Agreement,
the Intel FPGA IP License Agreement, or other applicable license
agreement, including, without limitation, that your use is for
the sole purpose of programming logic devices manufactured by
Intel and sold by Intel or its authorized distributors.  Please
refer to the applicable agreement for further details, at
https://fpgasoftware.intel.com/eula.



+---------------------------------------------------------------------+
; Flow Summary                                                        ;
+-----------------------+---------------------------------------------+
; Flow Status           ; Successful - Thu Dec 24 12:37:52 2020       ;
; Quartus Prime Version ; 19.1.0 Build 670 09/22/2019 SJ Lite Edition ;
; Revision Name         ; HC4511                                      ;
; Top-level Entity Name ; HC4511                                      ;
; Family                ; MAX V                                       ;
; Total logic elements  ; 22 / 40 ( 55 % )                            ;
; Total pins            ; 14 / 54 ( 26 % )                            ;
; Total virtual pins    ; 0                                           ;
; UFM blocks            ; 0 / 1 ( 0 % )                               ;
; Device                ; 5M40ZE64C4                                  ;
; Timing Models         ; Final                                       ;
+-----------------------+---------------------------------------------+


+-----------------------------------------+
; Flow Settings                           ;
+-------------------+---------------------+
; Option            ; Setting             ;
+-------------------+---------------------+
; Start date & time ; 12/24/2020 12:33:56 ;
; Main task         ; Compilation         ;
; Revision Name     ; HC4511              ;
+-------------------+---------------------+


+-------------------------------------------------------------------------------------------------------+
; Flow Non-Default Global Settings                                                                      ;
+--------------------------+---------------------------------+---------------+-------------+------------+
; Assignment Name          ; Value                           ; Default Value ; Entity Name ; Section Id ;
+--------------------------+---------------------------------+---------------+-------------+------------+
; COMPILER_SIGNATURE_ID    ; 198363623153419.160878443609156 ; --            ; --          ; --         ;
; PROJECT_OUTPUT_DIRECTORY ; output_files                    ; --            ; --          ; --         ;
+--------------------------+---------------------------------+---------------+-------------+------------+


+--------------------------------------------------------------------------------------------------------------------------+
; Flow Elapsed Time                                                                                                        ;
+----------------------+--------------+-------------------------+---------------------+------------------------------------+
; Module Name          ; Elapsed Time ; Average Processors Used ; Peak Virtual Memory ; Total CPU Time (on all processors) ;
+----------------------+--------------+-------------------------+---------------------+------------------------------------+
; Analysis & Synthesis ; 00:00:10     ; 1.0                     ; 4711 MB             ; 00:00:27                           ;
; Fitter               ; 00:00:02     ; 1.0                     ; 5334 MB             ; 00:00:01                           ;
; Assembler            ; 00:00:01     ; 1.0                     ; 4667 MB             ; 00:00:00                           ;
; Timing Analyzer      ; 00:00:00     ; 1.0                     ; 4683 MB             ; 00:00:01                           ;
; EDA Netlist Writer   ; 00:00:00     ; 1.0                     ; 4616 MB             ; 00:00:00                           ;
; EDA Netlist Writer   ; 00:00:00     ; 1.0                     ; 4627 MB             ; 00:00:01                           ;
; EDA Netlist Writer   ; 00:00:01     ; 1.0                     ; 4616 MB             ; 00:00:00                           ;
; EDA Netlist Writer   ; 00:00:01     ; 1.0                     ; 4627 MB             ; 00:00:00                           ;
; Total                ; 00:00:15     ; --                      ; --                  ; 00:00:30                           ;
+----------------------+--------------+-------------------------+---------------------+------------------------------------+


+------------------------------------------------------------------------------------+
; Flow OS Summary                                                                    ;
+----------------------+------------------+------------+------------+----------------+
; Module Name          ; Machine Hostname ; OS Name    ; OS Version ; Processor type ;
+----------------------+------------------+------------+------------+----------------+
; Analysis & Synthesis ; LAPTOP-POOKGRMJ  ; Windows 10 ; 10.0       ; x86_64         ;
; Fitter               ; LAPTOP-POOKGRMJ  ; Windows 10 ; 10.0       ; x86_64         ;
; Assembler            ; LAPTOP-POOKGRMJ  ; Windows 10 ; 10.0       ; x86_64         ;
; Timing Analyzer      ; LAPTOP-POOKGRMJ  ; Windows 10 ; 10.0       ; x86_64         ;
; EDA Netlist Writer   ; LAPTOP-POOKGRMJ  ; Windows 10 ; 10.0       ; x86_64         ;
; EDA Netlist Writer   ; LAPTOP-POOKGRMJ  ; Windows 10 ; 10.0       ; x86_64         ;
; EDA Netlist Writer   ; LAPTOP-POOKGRMJ  ; Windows 10 ; 10.0       ; x86_64         ;
; EDA Netlist Writer   ; LAPTOP-POOKGRMJ  ; Windows 10 ; 10.0       ; x86_64         ;
+----------------------+------------------+------------+------------+----------------+


------------
; Flow Log ;
------------
quartus_map --read_settings_files=on --write_settings_files=off HC4511 -c HC4511
quartus_fit --read_settings_files=off --write_settings_files=off HC4511 -c HC4511
quartus_asm --read_settings_files=off --write_settings_files=off HC4511 -c HC4511
quartus_sta HC4511 -c HC4511
quartus_eda --gen_testbench --tool=modelsim_oem --format=verilog --write_settings_files=off HC4511 -c HC4511 --vector_source=D:/verilog/HC4511/Waveform.vwf --testbench_file=D:/verilog/HC4511/simulation/qsim/Waveform.vwf.vt
quartus_eda --write_settings_files=off --simulation=on --functional=on --flatten_buses=off --tool=modelsim_oem --format=verilog --output_directory=D:/verilog/HC4511/simulation/qsim/ HC4511 -c HC4511
quartus_eda --gen_testbench --tool=modelsim_oem --format=verilog --write_settings_files=off HC4511 -c HC4511 --vector_source=D:/verilog/HC4511/Waveform.vwf --testbench_file=D:/verilog/HC4511/simulation/qsim/Waveform.vwf.vt
quartus_eda --write_settings_files=off --simulation=on --functional=on --flatten_buses=off --tool=modelsim_oem --format=verilog --output_directory=D:/verilog/HC4511/simulation/qsim/ HC4511 -c HC4511



